[Thu Feb 08 2018 20:03:21 GMT-0400 (Hora estándar de Venezuela)] INFO Finalizar Modalidad
[Thu Feb 08 2018 20:03:21 GMT-0400 (Hora estándar de Venezuela)] INFO Finalizar Modalidad  de :LIC_OPLC
[Thu Feb 08 2018 20:07:14 GMT-0400 (Hora estándar de Venezuela)] INFO Finalizar Modalidad
[Thu Feb 08 2018 20:07:14 GMT-0400 (Hora estándar de Venezuela)] INFO Finalizar Modalidad  de :LIC_DIET
[Thu Feb 08 2018 20:14:56 GMT-0400 (Hora estándar de Venezuela)] INFO Finalizar Modalidad
[Thu Feb 08 2018 20:14:56 GMT-0400 (Hora estándar de Venezuela)] INFO Finalizar Modalidad  de :LIC_SUPP
[Thu Feb 08 2018 20:18:10 GMT-0400 (Hora estándar de Venezuela)] INFO Finalizar Modalidad
[Thu Feb 08 2018 20:18:10 GMT-0400 (Hora estándar de Venezuela)] INFO Finalizar Modalidad  de :LIC_TRANTAIN
[Thu Feb 08 2018 20:21:34 GMT-0400 (Hora estándar de Venezuela)] INFO Finalizar Modalidad
[Thu Feb 08 2018 20:21:34 GMT-0400 (Hora estándar de Venezuela)] INFO Finalizar Modalidad  de :LIC_ELDOR
[Thu Feb 08 2018 20:25:03 GMT-0400 (Hora estándar de Venezuela)] INFO Finalizar Modalidad
[Thu Feb 08 2018 20:25:03 GMT-0400 (Hora estándar de Venezuela)] INFO Finalizar Modalidad  de :LIC_KEYLOG
[Thu Feb 08 2018 20:34:15 GMT-0400 (Hora estándar de Venezuela)] INFO Finalizar Modalidad
[Thu Feb 08 2018 20:34:15 GMT-0400 (Hora estándar de Venezuela)] INFO Finalizar Modalidad  de :LIC_LOGTOT
[Thu Feb 08 2018 20:35:15 GMT-0400 (Hora estándar de Venezuela)] INFO Finalizar Modalidad
[Thu Feb 08 2018 20:35:15 GMT-0400 (Hora estándar de Venezuela)] INFO Finalizar Modalidad  de :LIC_TRANOCE
[Thu Feb 08 2018 20:36:32 GMT-0400 (Hora estándar de Venezuela)] INFO Finalizar Modalidad
[Thu Feb 08 2018 20:36:32 GMT-0400 (Hora estándar de Venezuela)] INFO Finalizar Modalidad  de :LIC_INTFRE
[Thu Feb 08 2018 20:37:42 GMT-0400 (Hora estándar de Venezuela)] INFO Finalizar Modalidad
[Thu Feb 08 2018 20:37:42 GMT-0400 (Hora estándar de Venezuela)] INFO Finalizar Modalidad  de :LIC_SCHENK
[Thu Feb 08 2018 20:38:46 GMT-0400 (Hora estándar de Venezuela)] INFO Finalizar Modalidad
[Thu Feb 08 2018 20:38:46 GMT-0400 (Hora estándar de Venezuela)] INFO Finalizar Modalidad  de :LIC_INTRAM
[Thu Feb 08 2018 20:39:32 GMT-0400 (Hora estándar de Venezuela)] INFO Finalizar Modalidad
[Thu Feb 08 2018 20:39:32 GMT-0400 (Hora estándar de Venezuela)] INFO Finalizar Modalidad  de :LIC_METLOG
[Thu Feb 08 2018 20:40:42 GMT-0400 (Hora estándar de Venezuela)] INFO Finalizar Modalidad
[Thu Feb 08 2018 20:40:42 GMT-0400 (Hora estándar de Venezuela)] INFO Finalizar Modalidad  de :LIC_TRANSB
[Thu Feb 08 2018 20:41:35 GMT-0400 (Hora estándar de Venezuela)] INFO Finalizar Modalidad
[Thu Feb 08 2018 20:41:35 GMT-0400 (Hora estándar de Venezuela)] INFO Finalizar Modalidad  de :LIC_CONAL
[Thu Feb 08 2018 20:42:59 GMT-0400 (Hora estándar de Venezuela)] INFO Finalizar Modalidad
[Thu Feb 08 2018 20:42:59 GMT-0400 (Hora estándar de Venezuela)] INFO Finalizar Modalidad  de :LIC_GEOW
[Thu Feb 08 2018 20:43:49 GMT-0400 (Hora estándar de Venezuela)] INFO Finalizar Modalidad
[Thu Feb 08 2018 20:43:49 GMT-0400 (Hora estándar de Venezuela)] INFO Finalizar Modalidad  de :LIC_MASGRO
[Thu Feb 08 2018 20:44:58 GMT-0400 (Hora estándar de Venezuela)] INFO Finalizar Modalidad
[Thu Feb 08 2018 20:44:58 GMT-0400 (Hora estándar de Venezuela)] INFO Finalizar Modalidad  de :LIC_CRA
[Thu Feb 08 2018 20:45:52 GMT-0400 (Hora estándar de Venezuela)] INFO Finalizar Modalidad
[Thu Feb 08 2018 20:45:52 GMT-0400 (Hora estándar de Venezuela)] INFO Finalizar Modalidad  de :LIC_MAGLOG
[Thu Feb 08 2018 20:46:44 GMT-0400 (Hora estándar de Venezuela)] INFO Finalizar Modalidad
[Thu Feb 08 2018 20:46:44 GMT-0400 (Hora estándar de Venezuela)] INFO Finalizar Modalidad  de :LIC_DHLG
[Thu Feb 08 2018 20:47:40 GMT-0400 (Hora estándar de Venezuela)] INFO Finalizar Modalidad
[Thu Feb 08 2018 20:47:40 GMT-0400 (Hora estándar de Venezuela)] INFO Finalizar Modalidad  de :LIC_GHCTRA
[Thu Feb 08 2018 20:48:47 GMT-0400 (Hora estándar de Venezuela)] INFO Finalizar Modalidad
[Thu Feb 08 2018 20:48:47 GMT-0400 (Hora estándar de Venezuela)] INFO Finalizar Modalidad  de :lic_translidher
[Thu Feb 08 2018 20:52:55 GMT-0400 (Hora estándar de Venezuela)] INFO Finalizar Modalidad
[Thu Feb 08 2018 20:52:55 GMT-0400 (Hora estándar de Venezuela)] INFO Finalizar Modalidad  de :LIC_FENG
[Thu Feb 08 2018 20:53:53 GMT-0400 (Hora estándar de Venezuela)] INFO Finalizar Modalidad
[Thu Feb 08 2018 20:53:53 GMT-0400 (Hora estándar de Venezuela)] INFO Finalizar Modalidad  de :LIC_JAS
[Thu Feb 08 2018 20:59:03 GMT-0400 (Hora estándar de Venezuela)] INFO Finalizar Modalidad
[Thu Feb 08 2018 20:59:03 GMT-0400 (Hora estándar de Venezuela)] INFO Finalizar Modalidad  de :LIC_SGINDU
[Thu Feb 08 2018 21:19:50 GMT-0400 (Hora estándar de Venezuela)] INFO Finalizar Modalidad
[Thu Feb 08 2018 21:19:50 GMT-0400 (Hora estándar de Venezuela)] INFO Finalizar Modalidad  de :LIC_COLTR
